

Started GET "/" for 127.0.0.1 at 2019-03-27 13:33:28 -0500
  [1m[36mActiveRecord::SchemaMigration Load (0.5ms)[0m  [1mSELECT "schema_migrations".* FROM "schema_migrations"[0m
Processing by HomeController#index as HTML
  Rendered home/index.html.haml within layouts/application (8.0ms)
Completed 200 OK in 1255ms (Views: 1246.9ms | ActiveRecord: 0.0ms)


Started GET "/login" for 127.0.0.1 at 2019-03-27 13:33:32 -0500
Processing by SessionsController#new as HTML
  Rendered sessions/new.html.haml within layouts/application (5.6ms)
Completed 200 OK in 38ms (Views: 37.3ms | ActiveRecord: 0.0ms)


Started POST "/login" for 127.0.0.1 at 2019-03-27 13:33:33 -0500
Processing by SessionsController#create as HTML
  Parameters: {"utf8"=>"✓", "authenticity_token"=>"jZvpmcejZv6Kv5Jy1MNFZ9zulA3Q2IUFoMFBhvFFPZYyE7cxnzJ0dnOxIfSKa83Vqauer/sJEACTKrl68WaI8g==", "password"=>"[FILTERED]", "commit"=>"Save Changes"}
Redirected to http://localhost:3000/
Completed 302 Found in 1ms (ActiveRecord: 0.0ms)


Started GET "/" for 127.0.0.1 at 2019-03-27 13:33:33 -0500
Processing by HomeController#index as HTML
  Rendered home/index.html.haml within layouts/application (0.1ms)
Completed 200 OK in 32ms (Views: 31.6ms | ActiveRecord: 0.0ms)


Started GET "/" for 127.0.0.1 at 2019-03-27 13:33:34 -0500
Processing by HomeController#index as HTML
  Rendered home/index.html.haml within layouts/application (0.0ms)
Completed 200 OK in 31ms (Views: 30.4ms | ActiveRecord: 0.0ms)


Started GET "/" for 127.0.0.1 at 2019-03-27 13:33:34 -0500
Processing by HomeController#index as HTML
  Rendered home/index.html.haml within layouts/application (0.0ms)
Completed 200 OK in 30ms (Views: 30.1ms | ActiveRecord: 0.0ms)


Started GET "/" for 127.0.0.1 at 2019-03-27 13:33:34 -0500
Processing by HomeController#index as HTML
  Rendered home/index.html.haml within layouts/application (0.0ms)
Completed 200 OK in 31ms (Views: 31.1ms | ActiveRecord: 0.0ms)


Started DELETE "/logout" for 127.0.0.1 at 2019-03-27 13:33:35 -0500
Processing by SessionsController#destroy as HTML
  Parameters: {"authenticity_token"=>"iDom5BQhPvI2fuCLkFxZ4jagN+mCXPcwrrALxXoWP1E3snhMTLAses9wUw3O9NFQQ+U9S6mNYjWdW/M5ejWKNQ=="}
Redirected to http://localhost:3000/
Completed 302 Found in 1ms (ActiveRecord: 0.0ms)


Started GET "/" for 127.0.0.1 at 2019-03-27 13:33:35 -0500
Processing by HomeController#index as HTML
  Rendered home/index.html.haml within layouts/application (0.0ms)
Completed 200 OK in 31ms (Views: 30.5ms | ActiveRecord: 0.0ms)


Started GET "/" for 127.0.0.1 at 2019-03-27 13:37:21 -0500
  [1m[36mActiveRecord::SchemaMigration Load (0.5ms)[0m  [1mSELECT "schema_migrations".* FROM "schema_migrations"[0m
Processing by HomeController#index as HTML
  Rendered home/index.html.haml within layouts/application (7.7ms)
Completed 200 OK in 221ms (Views: 212.3ms | ActiveRecord: 0.0ms)
